<?xml version="1.0" encoding="UTF-8"?>
<testsuites>
  <testsuite name="Package Test Suite" tests="13" assertions="37" failures="0" errors="0" time="6.997127">
    <testsuite name="Fuzz\MagicBox\Tests\EloquentRepositoryTest" file="/Users/leayousoufov/Sites/web-modules/magic-box/tests/EloquentRepositoryTest.php" tests="13" assertions="37" failures="0" errors="0" time="6.997127">
      <testcase name="testItRejectsUnfuzzyModels" class="Fuzz\MagicBox\Tests\EloquentRepositoryTest" file="/Users/leayousoufov/Sites/web-modules/magic-box/tests/EloquentRepositoryTest.php" line="31" assertions="1" time="0.594586"/>
      <testcase name="testItCanCreateASimpleModel" class="Fuzz\MagicBox\Tests\EloquentRepositoryTest" file="/Users/leayousoufov/Sites/web-modules/magic-box/tests/EloquentRepositoryTest.php" line="36" assertions="2" time="0.492439"/>
      <testcase name="testItCanFindASimpleModel" class="Fuzz\MagicBox\Tests\EloquentRepositoryTest" file="/Users/leayousoufov/Sites/web-modules/magic-box/tests/EloquentRepositoryTest.php" line="43" assertions="2" time="0.462009"/>
      <testcase name="testItCanFilterOnFields" class="Fuzz\MagicBox\Tests\EloquentRepositoryTest" file="/Users/leayousoufov/Sites/web-modules/magic-box/tests/EloquentRepositoryTest.php" line="52" assertions="3" time="0.523855"/>
      <testcase name="testItCanFillModelFields" class="Fuzz\MagicBox\Tests\EloquentRepositoryTest" file="/Users/leayousoufov/Sites/web-modules/magic-box/tests/EloquentRepositoryTest.php" line="64" assertions="2" time="0.516192"/>
      <testcase name="testItUpdatesExistingModels" class="Fuzz\MagicBox\Tests\EloquentRepositoryTest" file="/Users/leayousoufov/Sites/web-modules/magic-box/tests/EloquentRepositoryTest.php" line="71" assertions="4" time="0.460594"/>
      <testcase name="testItDeletesModels" class="Fuzz\MagicBox\Tests\EloquentRepositoryTest" file="/Users/leayousoufov/Sites/web-modules/magic-box/tests/EloquentRepositoryTest.php" line="87" assertions="3" time="0.464673"/>
      <testcase name="testItExpectsInputIds" class="Fuzz\MagicBox\Tests\EloquentRepositoryTest" file="/Users/leayousoufov/Sites/web-modules/magic-box/tests/EloquentRepositoryTest.php" line="100" assertions="1" time="0.440675"/>
      <testcase name="testItFillsBelongsToRelations" class="Fuzz\MagicBox\Tests\EloquentRepositoryTest" file="/Users/leayousoufov/Sites/web-modules/magic-box/tests/EloquentRepositoryTest.php" line="105" assertions="2" time="0.502336"/>
      <testcase name="testItFillsHasManyRelations" class="Fuzz\MagicBox\Tests\EloquentRepositoryTest" file="/Users/leayousoufov/Sites/web-modules/magic-box/tests/EloquentRepositoryTest.php" line="120" assertions="6" time="0.651732"/>
      <testcase name="testItFillsHasOneRelations" class="Fuzz\MagicBox\Tests\EloquentRepositoryTest" file="/Users/leayousoufov/Sites/web-modules/magic-box/tests/EloquentRepositoryTest.php" line="171" assertions="6" time="0.601985"/>
      <testcase name="testItCascadesThroughSupportedRelations" class="Fuzz\MagicBox\Tests\EloquentRepositoryTest" file="/Users/leayousoufov/Sites/web-modules/magic-box/tests/EloquentRepositoryTest.php" line="202" assertions="3" time="0.660683"/>
      <testcase name="testItUpdatesBelongsToManyPivots" class="Fuzz\MagicBox\Tests\EloquentRepositoryTest" file="/Users/leayousoufov/Sites/web-modules/magic-box/tests/EloquentRepositoryTest.php" line="229" assertions="2" time="0.625367"/>
    </testsuite>
  </testsuite>
</testsuites>
